<?xml version="1.0" encoding="UTF-8"?>
<testng-results total="1" passed="1" failed="0" skipped="0">
  <reporter-output>
    <line>
      <![CDATA[Step - 1- Perform LaunchURL Action]]>
    </line>
    <line>
      <![CDATA[Step - 2- verify pageHome screen]]>
    </line>
    <line>
      <![CDATA[Step - 3- Fill pageHome form pageHome screen]]>
    </line>
  </reporter-output>
  <suite started-at="2019-11-15T07:46:47Z" name="Sample suite" finished-at="2019-11-15T07:47:23Z" duration-ms="35473">
    <groups>
    </groups>
    <test started-at="2019-11-15T07:46:47Z" name="Learning jenkins" finished-at="2019-11-15T07:47:23Z" duration-ms="35473">
      <class name="testsuite.EE001">
        <test-method is-config="true" signature="getDeviceDriver()[pri:0, instance:testsuite.EE001@57c758ac]" started-at="2019-11-15T13:16:47Z" name="getDeviceDriver" finished-at="2019-11-15T13:16:55Z" duration-ms="7444" status="PASS">
          <reporter-output>
          </reporter-output>
        </test-method> <!-- getDeviceDriver -->
        <test-method signature="test(java.lang.String, java.lang.String, java.lang.String, java.lang.String, java.lang.String, java.lang.String, java.lang.String, java.lang.String, java.lang.String, java.lang.String, java.lang.String, java.lang.String, java.lang.String, java.lang.String, java.lang.String, java.lang.String, java.lang.String, java.lang.String, java.lang.String, java.lang.String, java.lang.String, java.lang.String, java.lang.String, java.lang.String, java.lang.String, java.lang.String, java.lang.String, java.lang.String, java.lang.String, java.lang.String, java.lang.String, java.lang.String, java.lang.String, java.lang.String, java.lang.String, java.lang.String, java.lang.String, java.lang.String, java.lang.String, java.lang.String, java.lang.String, java.lang.String, java.lang.String, java.lang.String, java.lang.String, java.lang.String, java.lang.String, java.lang.String, java.lang.String, java.lang.String, java.lang.String, java.lang.String, java.lang.String, java.lang.String, java.lang.String, java.lang.String, java.lang.String, java.lang.String, java.lang.String, java.lang.String, java.lang.String, java.lang.String, java.lang.String, java.lang.String, java.lang.String, java.lang.String, java.lang.String, java.lang.String, java.lang.String, java.lang.String, java.lang.String, java.lang.String, java.lang.String, java.lang.String, java.lang.String, java.lang.String, java.lang.String, java.lang.String, java.lang.String, java.lang.String, java.lang.String, java.lang.String, java.lang.String, java.lang.String, java.lang.String, java.lang.String, java.lang.String, java.lang.String, java.lang.String, java.lang.String, java.lang.String, java.lang.String, java.lang.String, java.lang.String, java.lang.String, java.lang.String, java.lang.String, java.lang.String, java.lang.String, java.lang.String, java.lang.String, java.lang.String, java.lang.String, java.lang.String, java.lang.String, java.lang.String, java.lang.String, java.lang.String, java.lang.String, java.lang.String, java.lang.String, java.lang.String, java.lang.String, java.lang.String, java.lang.String, java.lang.String, java.lang.String, java.lang.String, java.lang.String, java.lang.String, java.lang.String, java.lang.String, java.lang.String, java.lang.String, java.lang.String, java.lang.String, java.lang.String, java.lang.String, java.lang.String, java.lang.String, java.lang.String, java.lang.String, java.lang.String, java.lang.String, java.lang.String, java.lang.String, java.lang.String, java.lang.String, java.lang.String, java.lang.String, java.lang.String, java.lang.String, java.lang.String, java.lang.String, java.lang.String, java.lang.String, java.lang.String, java.lang.String, java.lang.String, java.lang.String, java.lang.String, java.lang.String, java.lang.String, java.lang.String, java.lang.String, java.lang.String, java.lang.String, java.lang.String, java.lang.String, java.lang.String, java.lang.String, java.lang.String, java.lang.String, java.lang.String, java.lang.String, java.lang.String, java.lang.String, java.lang.String, java.lang.String, java.lang.String, java.lang.String, java.lang.String, java.lang.String, java.lang.String, java.lang.String, java.lang.String, java.lang.String, java.lang.String, java.lang.String, java.lang.String, java.lang.String, java.lang.String, java.lang.String, java.lang.String, java.lang.String, java.lang.String, java.lang.String, java.lang.String, java.lang.String, java.lang.String, java.lang.String, java.lang.String, java.lang.String, java.lang.String, java.lang.String, java.lang.String, java.lang.String, java.lang.String, java.lang.String, java.lang.String, java.lang.String, java.lang.String, java.lang.String, java.lang.String, java.lang.String, java.lang.String, java.lang.String, java.lang.String, java.lang.String, java.lang.String, java.lang.String, java.lang.String, java.lang.String, java.lang.String, java.lang.String, java.lang.String, java.lang.String, java.lang.String, java.lang.String, java.lang.String, java.lang.String, java.lang.String, java.lang.String, java.lang.String, java.lang.String, java.lang.String, java.lang.String, java.lang.String, java.lang.String, java.lang.String, java.lang.String, java.lang.String, java.lang.String, java.lang.String, java.lang.String, java.lang.String, java.lang.String, java.lang.String, java.lang.String, java.lang.String, java.lang.String, java.lang.String)[pri:0, instance:testsuite.EE001@57c758ac]" started-at="2019-11-15T13:16:58Z" name="test" data-provider="TestData" finished-at="2019-11-15T13:17:22Z" duration-ms="23799" status="PASS">
          <params>
            <param index="0">
              <value>
                <![CDATA[https://preproduction.whitecap.com]]>
              </value>
            </param>
            <param index="1">
              <value>
                <![CDATA[Dont care]]>
              </value>
            </param>
            <param index="2">
              <value>
                <![CDATA[Dont care]]>
              </value>
            </param>
            <param index="3">
              <value>
                <![CDATA[Dont care]]>
              </value>
            </param>
            <param index="4">
              <value>
                <![CDATA[Dont care]]>
              </value>
            </param>
            <param index="5">
              <value>
                <![CDATA[Dont care]]>
              </value>
            </param>
            <param index="6">
              <value>
                <![CDATA[Dont care]]>
              </value>
            </param>
            <param index="7">
              <value>
                <![CDATA[Dont care]]>
              </value>
            </param>
            <param index="8">
              <value>
                <![CDATA[Dont care]]>
              </value>
            </param>
            <param index="9">
              <value>
                <![CDATA[Dont care]]>
              </value>
            </param>
            <param index="10">
              <value>
                <![CDATA[Dont care]]>
              </value>
            </param>
            <param index="11">
              <value>
                <![CDATA[Dont care]]>
              </value>
            </param>
            <param index="12">
              <value>
                <![CDATA[hammers]]>
              </value>
            </param>
            <param index="13">
              <value>
                <![CDATA[Dont care]]>
              </value>
            </param>
            <param index="14">
              <value>
                <![CDATA[Dont care]]>
              </value>
            </param>
            <param index="15">
              <value>
                <![CDATA[Dont care]]>
              </value>
            </param>
            <param index="16">
              <value>
                <![CDATA[Dont care]]>
              </value>
            </param>
            <param index="17">
              <value>
                <![CDATA[Dont care]]>
              </value>
            </param>
            <param index="18">
              <value>
                <![CDATA[Dont care]]>
              </value>
            </param>
            <param index="19">
              <value>
                <![CDATA[Dont care]]>
              </value>
            </param>
            <param index="20">
              <value>
                <![CDATA[Dont care]]>
              </value>
            </param>
            <param index="21">
              <value>
                <![CDATA[Dont care]]>
              </value>
            </param>
            <param index="22">
              <value>
                <![CDATA[Dont care]]>
              </value>
            </param>
            <param index="23">
              <value>
                <![CDATA[Dont care]]>
              </value>
            </param>
            <param index="24">
              <value>
                <![CDATA[Dont care]]>
              </value>
            </param>
            <param index="25">
              <value>
                <![CDATA[Dont care]]>
              </value>
            </param>
            <param index="26">
              <value>
                <![CDATA[Dont care]]>
              </value>
            </param>
            <param index="27">
              <value>
                <![CDATA[Dont care]]>
              </value>
            </param>
            <param index="28">
              <value>
                <![CDATA[Dont care]]>
              </value>
            </param>
            <param index="29">
              <value>
                <![CDATA[Dont care]]>
              </value>
            </param>
            <param index="30">
              <value>
                <![CDATA[Dont care]]>
              </value>
            </param>
            <param index="31">
              <value>
                <![CDATA[Dont care]]>
              </value>
            </param>
            <param index="32">
              <value>
                <![CDATA[Dont care]]>
              </value>
            </param>
            <param index="33">
              <value>
                <![CDATA[Dont care]]>
              </value>
            </param>
            <param index="34">
              <value>
                <![CDATA[Dont care]]>
              </value>
            </param>
            <param index="35">
              <value>
                <![CDATA[Dont care]]>
              </value>
            </param>
            <param index="36">
              <value>
                <![CDATA[Dont care]]>
              </value>
            </param>
            <param index="37">
              <value>
                <![CDATA[30301]]>
              </value>
            </param>
            <param index="38">
              <value>
                <![CDATA[Dont care]]>
              </value>
            </param>
            <param index="39">
              <value>
                <![CDATA[Dont care]]>
              </value>
            </param>
            <param index="40">
              <value>
                <![CDATA[Dont care]]>
              </value>
            </param>
            <param index="41">
              <value>
                <![CDATA[Dont care]]>
              </value>
            </param>
            <param index="42">
              <value>
                <![CDATA[Dont care]]>
              </value>
            </param>
            <param index="43">
              <value>
                <![CDATA[Dont care]]>
              </value>
            </param>
            <param index="44">
              <value>
                <![CDATA[Dont care]]>
              </value>
            </param>
            <param index="45">
              <value>
                <![CDATA[Dont care]]>
              </value>
            </param>
            <param index="46">
              <value>
                <![CDATA[Dont care]]>
              </value>
            </param>
            <param index="47">
              <value>
                <![CDATA[Dont care]]>
              </value>
            </param>
            <param index="48">
              <value>
                <![CDATA[Dont care]]>
              </value>
            </param>
            <param index="49">
              <value>
                <![CDATA[Dont care]]>
              </value>
            </param>
            <param index="50">
              <value>
                <![CDATA[Dont care]]>
              </value>
            </param>
            <param index="51">
              <value>
                <![CDATA[Dont care]]>
              </value>
            </param>
            <param index="52">
              <value>
                <![CDATA[Dont care]]>
              </value>
            </param>
            <param index="53">
              <value>
                <![CDATA[Dont care]]>
              </value>
            </param>
            <param index="54">
              <value>
                <![CDATA[Dont care]]>
              </value>
            </param>
            <param index="55">
              <value>
                <![CDATA[Dont care]]>
              </value>
            </param>
            <param index="56">
              <value>
                <![CDATA[Dont care]]>
              </value>
            </param>
            <param index="57">
              <value>
                <![CDATA[Dont care]]>
              </value>
            </param>
            <param index="58">
              <value>
                <![CDATA[Dont care]]>
              </value>
            </param>
            <param index="59">
              <value>
                <![CDATA[Dont care]]>
              </value>
            </param>
            <param index="60">
              <value>
                <![CDATA[Dont care]]>
              </value>
            </param>
            <param index="61">
              <value>
                <![CDATA[Dont care]]>
              </value>
            </param>
            <param index="62">
              <value>
                <![CDATA[Dont care]]>
              </value>
            </param>
            <param index="63">
              <value>
                <![CDATA[Dont care]]>
              </value>
            </param>
            <param index="64">
              <value>
                <![CDATA[Dont care]]>
              </value>
            </param>
            <param index="65">
              <value>
                <![CDATA[Dont care]]>
              </value>
            </param>
            <param index="66">
              <value>
                <![CDATA[Dont care]]>
              </value>
            </param>
            <param index="67">
              <value>
                <![CDATA[Dont care]]>
              </value>
            </param>
            <param index="68">
              <value>
                <![CDATA[Dont care]]>
              </value>
            </param>
            <param index="69">
              <value>
                <![CDATA[Dont care]]>
              </value>
            </param>
            <param index="70">
              <value>
                <![CDATA[Dont care]]>
              </value>
            </param>
            <param index="71">
              <value>
                <![CDATA[Dont care]]>
              </value>
            </param>
            <param index="72">
              <value>
                <![CDATA[Dont care]]>
              </value>
            </param>
            <param index="73">
              <value>
                <![CDATA[Dont care]]>
              </value>
            </param>
            <param index="74">
              <value>
                <![CDATA[Dont care]]>
              </value>
            </param>
            <param index="75">
              <value>
                <![CDATA[Dont care]]>
              </value>
            </param>
            <param index="76">
              <value>
                <![CDATA[Dont care]]>
              </value>
            </param>
            <param index="77">
              <value>
                <![CDATA[Dont care]]>
              </value>
            </param>
            <param index="78">
              <value>
                <![CDATA[Dont care]]>
              </value>
            </param>
            <param index="79">
              <value>
                <![CDATA[Dont care]]>
              </value>
            </param>
            <param index="80">
              <value>
                <![CDATA[Dont care]]>
              </value>
            </param>
            <param index="81">
              <value>
                <![CDATA[Dont care]]>
              </value>
            </param>
            <param index="82">
              <value>
                <![CDATA[Dont care]]>
              </value>
            </param>
            <param index="83">
              <value>
                <![CDATA[Dont care]]>
              </value>
            </param>
            <param index="84">
              <value>
                <![CDATA[Dont care]]>
              </value>
            </param>
            <param index="85">
              <value>
                <![CDATA[Dont care]]>
              </value>
            </param>
            <param index="86">
              <value>
                <![CDATA[Dont care]]>
              </value>
            </param>
            <param index="87">
              <value>
                <![CDATA[Dont care]]>
              </value>
            </param>
            <param index="88">
              <value>
                <![CDATA[Dont care]]>
              </value>
            </param>
            <param index="89">
              <value>
                <![CDATA[Dont care]]>
              </value>
            </param>
            <param index="90">
              <value>
                <![CDATA[Dont care]]>
              </value>
            </param>
            <param index="91">
              <value>
                <![CDATA[Dont care]]>
              </value>
            </param>
            <param index="92">
              <value>
                <![CDATA[Dont care]]>
              </value>
            </param>
            <param index="93">
              <value>
                <![CDATA[Dont care]]>
              </value>
            </param>
            <param index="94">
              <value>
                <![CDATA[Dont care]]>
              </value>
            </param>
            <param index="95">
              <value>
                <![CDATA[Dont care]]>
              </value>
            </param>
            <param index="96">
              <value>
                <![CDATA[Dont care]]>
              </value>
            </param>
            <param index="97">
              <value>
                <![CDATA[Dont care]]>
              </value>
            </param>
            <param index="98">
              <value>
                <![CDATA[Dont care]]>
              </value>
            </param>
            <param index="99">
              <value>
                <![CDATA[Dont care]]>
              </value>
            </param>
            <param index="100">
              <value>
                <![CDATA[Dont care]]>
              </value>
            </param>
            <param index="101">
              <value>
                <![CDATA[Dont care]]>
              </value>
            </param>
            <param index="102">
              <value>
                <![CDATA[Dont care]]>
              </value>
            </param>
            <param index="103">
              <value>
                <![CDATA[Dont care]]>
              </value>
            </param>
            <param index="104">
              <value>
                <![CDATA[Dont care]]>
              </value>
            </param>
            <param index="105">
              <value>
                <![CDATA[Dont care]]>
              </value>
            </param>
            <param index="106">
              <value>
                <![CDATA[Dont care]]>
              </value>
            </param>
            <param index="107">
              <value>
                <![CDATA[Dont care]]>
              </value>
            </param>
            <param index="108">
              <value>
                <![CDATA[Dont care]]>
              </value>
            </param>
            <param index="109">
              <value>
                <![CDATA[Dont care]]>
              </value>
            </param>
            <param index="110">
              <value>
                <![CDATA[Dont care]]>
              </value>
            </param>
            <param index="111">
              <value>
                <![CDATA[Dont care]]>
              </value>
            </param>
            <param index="112">
              <value>
                <![CDATA[Dont care]]>
              </value>
            </param>
            <param index="113">
              <value>
                <![CDATA[Dont care]]>
              </value>
            </param>
            <param index="114">
              <value>
                <![CDATA[Dont care]]>
              </value>
            </param>
            <param index="115">
              <value>
                <![CDATA[Dont care]]>
              </value>
            </param>
            <param index="116">
              <value>
                <![CDATA[Dont care]]>
              </value>
            </param>
            <param index="117">
              <value>
                <![CDATA[Dont care]]>
              </value>
            </param>
            <param index="118">
              <value>
                <![CDATA[Dont care]]>
              </value>
            </param>
            <param index="119">
              <value>
                <![CDATA[Dont care]]>
              </value>
            </param>
            <param index="120">
              <value>
                <![CDATA[Dont care]]>
              </value>
            </param>
            <param index="121">
              <value>
                <![CDATA[Dont care]]>
              </value>
            </param>
            <param index="122">
              <value>
                <![CDATA[Dont care]]>
              </value>
            </param>
            <param index="123">
              <value>
                <![CDATA[test123@gmail.com]]>
              </value>
            </param>
            <param index="124">
              <value>
                <![CDATA[Dont care]]>
              </value>
            </param>
            <param index="125">
              <value>
                <![CDATA[Dont care]]>
              </value>
            </param>
            <param index="126">
              <value>
                <![CDATA[Dont care]]>
              </value>
            </param>
            <param index="127">
              <value>
                <![CDATA[Dont care]]>
              </value>
            </param>
            <param index="128">
              <value>
                <![CDATA[Dont care]]>
              </value>
            </param>
            <param index="129">
              <value>
                <![CDATA[Dont care]]>
              </value>
            </param>
            <param index="130">
              <value>
                <![CDATA[Dont care]]>
              </value>
            </param>
            <param index="131">
              <value>
                <![CDATA[Dont care]]>
              </value>
            </param>
            <param index="132">
              <value>
                <![CDATA[Dont care]]>
              </value>
            </param>
            <param index="133">
              <value>
                <![CDATA[Georgia]]>
              </value>
            </param>
            <param index="134">
              <value>
                <![CDATA[Dont care]]>
              </value>
            </param>
            <param index="135">
              <value>
                <![CDATA[Dont care]]>
              </value>
            </param>
            <param index="136">
              <value>
                <![CDATA[Dont care]]>
              </value>
            </param>
            <param index="137">
              <value>
                <![CDATA[Dont care]]>
              </value>
            </param>
            <param index="138">
              <value>
                <![CDATA[Dont care]]>
              </value>
            </param>
            <param index="139">
              <value>
                <![CDATA[Dont care]]>
              </value>
            </param>
            <param index="140">
              <value>
                <![CDATA[Dont care]]>
              </value>
            </param>
            <param index="141">
              <value>
                <![CDATA[Dont care]]>
              </value>
            </param>
            <param index="142">
              <value>
                <![CDATA[Dont care]]>
              </value>
            </param>
            <param index="143">
              <value>
                <![CDATA[30301]]>
              </value>
            </param>
            <param index="144">
              <value>
                <![CDATA[1234567890]]>
              </value>
            </param>
            <param index="145">
              <value>
                <![CDATA[LAST]]>
              </value>
            </param>
            <param index="146">
              <value>
                <![CDATA[FIRST]]>
              </value>
            </param>
            <param index="147">
              <value>
                <![CDATA[Dont care]]>
              </value>
            </param>
            <param index="148">
              <value>
                <![CDATA[Atlanta]]>
              </value>
            </param>
            <param index="149">
              <value>
                <![CDATA[First Street]]>
              </value>
            </param>
            <param index="150">
              <value>
                <![CDATA[Dont care]]>
              </value>
            </param>
            <param index="151">
              <value>
                <![CDATA[Dont care]]>
              </value>
            </param>
            <param index="152">
              <value>
                <![CDATA[Dont care]]>
              </value>
            </param>
            <param index="153">
              <value>
                <![CDATA[Dont care]]>
              </value>
            </param>
            <param index="154">
              <value>
                <![CDATA[Dont care]]>
              </value>
            </param>
            <param index="155">
              <value>
                <![CDATA[Dont care]]>
              </value>
            </param>
            <param index="156">
              <value>
                <![CDATA[Dont care]]>
              </value>
            </param>
            <param index="157">
              <value>
                <![CDATA[Dont care]]>
              </value>
            </param>
            <param index="158">
              <value>
                <![CDATA[Dont care]]>
              </value>
            </param>
            <param index="159">
              <value>
                <![CDATA[Dont care]]>
              </value>
            </param>
            <param index="160">
              <value>
                <![CDATA[Test]]>
              </value>
            </param>
            <param index="161">
              <value>
                <![CDATA[Dont care]]>
              </value>
            </param>
            <param index="162">
              <value>
                <![CDATA[Dont care]]>
              </value>
            </param>
            <param index="163">
              <value>
                <![CDATA[Dont care]]>
              </value>
            </param>
            <param index="164">
              <value>
                <![CDATA[Dont care]]>
              </value>
            </param>
            <param index="165">
              <value>
                <![CDATA[Dont care]]>
              </value>
            </param>
            <param index="166">
              <value>
                <![CDATA[Dont care]]>
              </value>
            </param>
            <param index="167">
              <value>
                <![CDATA[Dont care]]>
              </value>
            </param>
            <param index="168">
              <value>
                <![CDATA[Dont care]]>
              </value>
            </param>
            <param index="169">
              <value>
                <![CDATA[Dont care]]>
              </value>
            </param>
            <param index="170">
              <value>
                <![CDATA[Dont care]]>
              </value>
            </param>
            <param index="171">
              <value>
                <![CDATA[Dont care]]>
              </value>
            </param>
            <param index="172">
              <value>
                <![CDATA[Dont care]]>
              </value>
            </param>
            <param index="173">
              <value>
                <![CDATA[Dont care]]>
              </value>
            </param>
            <param index="174">
              <value>
                <![CDATA[Dont care]]>
              </value>
            </param>
            <param index="175">
              <value>
                <![CDATA[Dont care]]>
              </value>
            </param>
            <param index="176">
              <value>
                <![CDATA[Dont care]]>
              </value>
            </param>
            <param index="177">
              <value>
                <![CDATA[Dont care]]>
              </value>
            </param>
            <param index="178">
              <value>
                <![CDATA[Dont care]]>
              </value>
            </param>
            <param index="179">
              <value>
                <![CDATA[Dont care]]>
              </value>
            </param>
            <param index="180">
              <value>
                <![CDATA[Dont care]]>
              </value>
            </param>
            <param index="181">
              <value>
                <![CDATA[Dont care]]>
              </value>
            </param>
            <param index="182">
              <value>
                <![CDATA[Dont care]]>
              </value>
            </param>
            <param index="183">
              <value>
                <![CDATA[5678]]>
              </value>
            </param>
            <param index="184">
              <value>
                <![CDATA[Dont care]]>
              </value>
            </param>
            <param index="185">
              <value>
                <![CDATA[345]]>
              </value>
            </param>
            <param index="186">
              <value>
                <![CDATA[Test]]>
              </value>
            </param>
            <param index="187">
              <value>
                <![CDATA[123]]>
              </value>
            </param>
            <param index="188">
              <value>
                <![CDATA[1222]]>
              </value>
            </param>
            <param index="189">
              <value>
                <![CDATA[6011000000000004]]>
              </value>
            </param>
            <param index="190">
              <value>
                <![CDATA[Dont care]]>
              </value>
            </param>
            <param index="191">
              <value>
                <![CDATA[Dont care]]>
              </value>
            </param>
            <param index="192">
              <value>
                <![CDATA[Dont care]]>
              </value>
            </param>
            <param index="193">
              <value>
                <![CDATA[Dont care]]>
              </value>
            </param>
            <param index="194">
              <value>
                <![CDATA[Dont care]]>
              </value>
            </param>
            <param index="195">
              <value>
                <![CDATA[Dont care]]>
              </value>
            </param>
            <param index="196">
              <value>
                <![CDATA[Dont care]]>
              </value>
            </param>
            <param index="197">
              <value>
                <![CDATA[Dont care]]>
              </value>
            </param>
            <param index="198">
              <value>
                <![CDATA[Dont care]]>
              </value>
            </param>
            <param index="199">
              <value>
                <![CDATA[Dont care]]>
              </value>
            </param>
            <param index="200">
              <value>
                <![CDATA[Dont care]]>
              </value>
            </param>
            <param index="201">
              <value>
                <![CDATA[Dont care]]>
              </value>
            </param>
            <param index="202">
              <value>
                <![CDATA[Dont care]]>
              </value>
            </param>
            <param index="203">
              <value>
                <![CDATA[Dont care]]>
              </value>
            </param>
            <param index="204">
              <value>
                <![CDATA[123]]>
              </value>
            </param>
            <param index="205">
              <value>
                <![CDATA[Dont care]]>
              </value>
            </param>
            <param index="206">
              <value>
                <![CDATA[Dont care]]>
              </value>
            </param>
            <param index="207">
              <value>
                <![CDATA[Dont care]]>
              </value>
            </param>
            <param index="208">
              <value>
                <![CDATA[Dont care]]>
              </value>
            </param>
            <param index="209">
              <value>
                <![CDATA[Dont care]]>
              </value>
            </param>
            <param index="210">
              <value>
                <![CDATA[Dont care]]>
              </value>
            </param>
            <param index="211">
              <value>
                <![CDATA[Dont care]]>
              </value>
            </param>
            <param index="212">
              <value>
                <![CDATA[Dont care]]>
              </value>
            </param>
            <param index="213">
              <value>
                <![CDATA[Dont care]]>
              </value>
            </param>
            <param index="214">
              <value>
                <![CDATA[Dont care]]>
              </value>
            </param>
            <param index="215">
              <value>
                <![CDATA[Dont care]]>
              </value>
            </param>
            <param index="216">
              <value>
                <![CDATA[Dont care]]>
              </value>
            </param>
            <param index="217">
              <value>
                <![CDATA[Dont care]]>
              </value>
            </param>
            <param index="218">
              <value>
                <![CDATA[Dont care]]>
              </value>
            </param>
            <param index="219">
              <value>
                <![CDATA[Dont care]]>
              </value>
            </param>
            <param index="220">
              <value>
                <![CDATA[Dont care]]>
              </value>
            </param>
            <param index="221">
              <value>
                <![CDATA[Dont care]]>
              </value>
            </param>
            <param index="222">
              <value>
                <![CDATA[Dont care]]>
              </value>
            </param>
            <param index="223">
              <value>
                <![CDATA[Dont care]]>
              </value>
            </param>
            <param index="224">
              <value>
                <![CDATA[https://preproduction-cm.whitecap.com]]>
              </value>
            </param>
            <param index="225">
              <value>
                <![CDATA[Dont care]]>
              </value>
            </param>
            <param index="226">
              <value>
                <![CDATA[Dont care]]>
              </value>
            </param>
            <param index="227">
              <value>
                <![CDATA[Dont care]]>
              </value>
            </param>
            <param index="228">
              <value>
                <![CDATA[Dont care]]>
              </value>
            </param>
            <param index="229">
              <value>
                <![CDATA[Dont care]]>
              </value>
            </param>
            <param index="230">
              <value>
                <![CDATA[kkecomm19@gmail.com]]>
              </value>
            </param>
            <param index="231">
              <value>
                <![CDATA[HDSupply19]]>
              </value>
            </param>
            <param index="232">
              <value>
                <![CDATA[Dont care]]>
              </value>
            </param>
            <param index="233">
              <value>
                <![CDATA[Dont care]]>
              </value>
            </param>
            <param index="234">
              <value>
                <![CDATA[Dont care]]>
              </value>
            </param>
            <param index="235">
              <value>
                <![CDATA[Dont care]]>
              </value>
            </param>
            <param index="236">
              <value>
                <![CDATA[Dont care]]>
              </value>
            </param>
            <param index="237">
              <value>
                <![CDATA[Dont care]]>
              </value>
            </param>
            <param index="238">
              <value>
                <![CDATA[Dont care]]>
              </value>
            </param>
            <param index="239">
              <value>
                <![CDATA[Dont care]]>
              </value>
            </param>
            <param index="240">
              <value>
                <![CDATA[Dont care]]>
              </value>
            </param>
            <param index="241">
              <value>
                <![CDATA[Dont care]]>
              </value>
            </param>
          </params>
          <reporter-output>
            <line>
              <![CDATA[Step - 1- Perform LaunchURL Action]]>
            </line>
            <line>
              <![CDATA[Step - 2- verify pageHome screen]]>
            </line>
            <line>
              <![CDATA[Step - 3- Fill pageHome form pageHome screen]]>
            </line>
          </reporter-output>
        </test-method> <!-- test -->
        <test-method is-config="true" signature="export()[pri:0, instance:testsuite.EE001@57c758ac]" started-at="2019-11-15T13:17:22Z" name="export" finished-at="2019-11-15T13:17:23Z" duration-ms="1149" status="PASS">
          <reporter-output>
          </reporter-output>
        </test-method> <!-- export -->
      </class> <!-- testsuite.EE001 -->
    </test> <!-- Learning jenkins -->
  </suite> <!-- Sample suite -->
</testng-results>
